<?xml version="1.0" encoding="UTF-8"?>
<testng-results ignored="0" total="1" passed="1" failed="0" skipped="0">
  <reporter-output>
  </reporter-output>
  <suite started-at="2022-08-04T23:58:33 ART" name="tests.Tests" finished-at="2022-08-04T23:58:49 ART" duration-ms="15961">
    <groups>
    </groups>
    <test started-at="2022-08-04T23:58:33 ART" name="Command line test" finished-at="2022-08-04T23:58:49 ART" duration-ms="15961">
      <class name="tests.Tests">
        <test-method is-config="true" signature="setUp()[pri:0, instance:tests.Tests@7f9fcf7f]" started-at="2022-08-04T23:58:33 ART" name="setUp" finished-at="2022-08-04T23:58:41 ART" duration-ms="8410" status="PASS">
          <reporter-output>
          </reporter-output>
        </test-method> <!-- setUp -->
        <test-method signature="pruebaUno()[pri:0, instance:tests.Tests@7f9fcf7f]" started-at="2022-08-04T23:58:41 ART" name="pruebaUno" finished-at="2022-08-04T23:58:49 ART" duration-ms="7452" status="PASS">
          <reporter-output>
          </reporter-output>
        </test-method> <!-- pruebaUno -->
        <test-method is-config="true" signature="tearDown()[pri:0, instance:tests.Tests@7f9fcf7f]" started-at="2022-08-04T23:58:49 ART" name="tearDown" finished-at="2022-08-04T23:58:49 ART" duration-ms="62" status="PASS">
          <reporter-output>
          </reporter-output>
        </test-method> <!-- tearDown -->
      </class> <!-- tests.Tests -->
    </test> <!-- Command line test -->
  </suite> <!-- tests.Tests -->
</testng-results>
